<?xml version="1.0" encoding="UTF-8"?>
<!-- Generated by org.testng.reporters.JUnitXMLReporter -->
<testsuite hostname="DESKTOP-G25I8C3" ignored="0" name="Default test" tests="13" failures="0" timestamp="2020-12-15T21:43:51 GMT" time="95.253" errors="0">
  <testcase name="nullMobileTest" time="10.579" classname="tests.Tests"/>
  <testcase name="invalidMobileTest" time="5.285" classname="tests.Tests"/>
  <testcase name="nullEmailTest" time="5.883" classname="tests.Tests"/>
  <testcase name="emailSymbolTest" time="6.25" classname="tests.Tests"/>
  <testcase name="emailSuffixTest" time="5.001" classname="tests.Tests"/>
  <testcase name="emailPrefixTest" time="5.154" classname="tests.Tests"/>
  <testcase name="nullPassTest" time="5.167" classname="tests.Tests"/>
  <testcase name="spacePassTest" time="5.104" classname="tests.Tests"/>
  <testcase name="upperCasePassTest" time="5.633" classname="tests.Tests"/>
  <testcase name="shortPassTest" time="5.06" classname="tests.Tests"/>
  <testcase name="mismatchPassTest" time="5.466" classname="tests.Tests"/>
  <testcase name="dupMobileTest" time="8.912" classname="tests.Tests"/>
  <testcase name="validSignUpTest" time="6.378" classname="tests.Tests"/>
</testsuite> <!-- Default test -->
